<?xml version="1.0" encoding="UTF-8"?>
<!-- Generated by org.testng.reporters.JUnitXMLReporter -->
<testsuite hostname="dell-PC" ignored="2" name="Default test" tests="1" failures="0" timestamp="2020-12-19T07:52:24 IST" time="15.684" errors="0">
  <testcase name="TC003_PromptBox" time="5.182" classname="com.AutomateSeleniumEasy.TestCases.AlertsTest"/>
  <testcase name="TC001_AlertBox" time="0.0" classname="com.AutomateSeleniumEasy.TestCases.AlertsTest">
    <ignored/>
  </testcase> <!-- TC001_AlertBox -->
  <testcase name="TC002_ConfirmBox" time="0.0" classname="com.AutomateSeleniumEasy.TestCases.AlertsTest">
    <ignored/>
  </testcase> <!-- TC002_ConfirmBox -->
</testsuite> <!-- Default test -->
