<?xml version="1.0" encoding="UTF-8"?>
<testng-results skipped="0" failed="0" ignored="0" total="1" passed="1">
  <reporter-output>
  </reporter-output>
  <suite name="Default suite" duration-ms="24988" started-at="2020-12-28T16:11:57 IST" finished-at="2020-12-28T16:12:22 IST">
    <groups>
    </groups>
    <test name="Default test" duration-ms="24988" started-at="2020-12-28T16:11:57 IST" finished-at="2020-12-28T16:12:22 IST">
      <class name="com.AutomateSeleniumEasy.TestCases.AddToKartTest">
        <test-method status="PASS" signature="prerequsities_BrowserLunch()[pri:0, instance:com.AutomateSeleniumEasy.TestCases.AddToKartTest@32d2fa64]" name="prerequsities_BrowserLunch" is-config="true" duration-ms="11825" started-at="2020-12-28T16:11:57 IST" finished-at="2020-12-28T16:12:09 IST">
          <reporter-output>
          </reporter-output>
        </test-method> <!-- prerequsities_BrowserLunch -->
        <test-method status="PASS" signature="TC_001_AddToKart()[pri:0, instance:com.AutomateSeleniumEasy.TestCases.AddToKartTest@32d2fa64]" name="TC_001_AddToKart" duration-ms="13088" started-at="2020-12-28T16:12:09 IST" finished-at="2020-12-28T16:12:22 IST">
          <reporter-output>
          </reporter-output>
        </test-method> <!-- TC_001_AddToKart -->
        <test-method status="PASS" signature="tearDown()[pri:0, instance:com.AutomateSeleniumEasy.TestCases.AddToKartTest@32d2fa64]" name="tearDown" is-config="true" duration-ms="2" started-at="2020-12-28T16:12:22 IST" finished-at="2020-12-28T16:12:22 IST">
          <reporter-output>
          </reporter-output>
        </test-method> <!-- tearDown -->
      </class> <!-- com.AutomateSeleniumEasy.TestCases.AddToKartTest -->
    </test> <!-- Default test -->
  </suite> <!-- Default suite -->
</testng-results>
