<?xml version="1.0" encoding="UTF-8"?>
<testng-results skipped="0" failed="0" ignored="0" total="1" passed="1">
  <reporter-output>
  </reporter-output>
  <suite name="Default suite" duration-ms="22443" started-at="2020-12-08T17:50:56 IST" finished-at="2020-12-08T17:51:18 IST">
    <groups>
    </groups>
    <test name="Default test" duration-ms="22443" started-at="2020-12-08T17:50:56 IST" finished-at="2020-12-08T17:51:18 IST">
      <class name="com.AutomateSeleniumEasy.TestCases.InputFormSubmitTest">
        <test-method status="PASS" signature="prerequsities_BrowserLunch()[pri:0, instance:com.AutomateSeleniumEasy.TestCases.InputFormSubmitTest@32d2fa64]" name="prerequsities_BrowserLunch" is-config="true" duration-ms="12687" started-at="2020-12-08T17:50:56 IST" finished-at="2020-12-08T17:51:08 IST">
          <reporter-output>
          </reporter-output>
        </test-method> <!-- prerequsities_BrowserLunch -->
        <test-method status="PASS" signature="TC_001_InputFOrmSubmit()[pri:0, instance:com.AutomateSeleniumEasy.TestCases.InputFormSubmitTest@32d2fa64]" name="TC_001_InputFOrmSubmit" duration-ms="9597" started-at="2020-12-08T17:51:09 IST" finished-at="2020-12-08T17:51:18 IST">
          <reporter-output>
          </reporter-output>
        </test-method> <!-- TC_001_InputFOrmSubmit -->
        <test-method status="PASS" signature="tearDown()[pri:0, instance:com.AutomateSeleniumEasy.TestCases.InputFormSubmitTest@32d2fa64]" name="tearDown" is-config="true" duration-ms="0" started-at="2020-12-08T17:51:18 IST" finished-at="2020-12-08T17:51:18 IST">
          <reporter-output>
          </reporter-output>
        </test-method> <!-- tearDown -->
      </class> <!-- com.AutomateSeleniumEasy.TestCases.InputFormSubmitTest -->
    </test> <!-- Default test -->
  </suite> <!-- Default suite -->
</testng-results>
